CRITICAL - 2022-05-25 02:19:07 --> You must set the database table to be used with your query.
#0 C:\Users\USER\Documents\proyectos_git\ProjectSoftware2\system\Model.php(545): CodeIgniter\Database\BaseConnection->table(NULL)
#1 C:\Users\USER\Documents\proyectos_git\ProjectSoftware2\system\Model.php(722): CodeIgniter\Model->builder()
#2 C:\Users\USER\Documents\proyectos_git\ProjectSoftware2\app\Controllers\Usuarios.php(37): CodeIgniter\Model->__call('getUSers', Array)
#3 C:\Users\USER\Documents\proyectos_git\ProjectSoftware2\system\CodeIgniter.php(832): App\Controllers\Usuarios->listarUsuarios()
#4 C:\Users\USER\Documents\proyectos_git\ProjectSoftware2\system\CodeIgniter.php(419): CodeIgniter\CodeIgniter->runController(Object(App\Controllers\Usuarios))
#5 C:\Users\USER\Documents\proyectos_git\ProjectSoftware2\system\CodeIgniter.php(326): CodeIgniter\CodeIgniter->handleRequest(NULL, Object(Config\Cache), false)
#6 C:\Users\USER\Documents\proyectos_git\ProjectSoftware2\index.php(37): CodeIgniter\CodeIgniter->run()
#7 {main}
CRITICAL - 2022-05-25 02:23:57 -->  route cannot be found while reverse-routing.
#0 C:\Users\USER\Documents\proyectos_git\ProjectSoftware2\system\HTTP\RedirectResponse.php(56): CodeIgniter\HTTP\Exceptions\HTTPException::forInvalidRedirectRoute('')
#1 C:\Users\USER\Documents\proyectos_git\ProjectSoftware2\system\Common.php(832): CodeIgniter\HTTP\RedirectResponse->route(false)
#2 C:\Users\USER\Documents\proyectos_git\ProjectSoftware2\app\Controllers\Home.php(12): redirect('Usuarios/listar...')
#3 C:\Users\USER\Documents\proyectos_git\ProjectSoftware2\system\CodeIgniter.php(832): App\Controllers\Home->index()
#4 C:\Users\USER\Documents\proyectos_git\ProjectSoftware2\system\CodeIgniter.php(419): CodeIgniter\CodeIgniter->runController(Object(App\Controllers\Home))
#5 C:\Users\USER\Documents\proyectos_git\ProjectSoftware2\system\CodeIgniter.php(326): CodeIgniter\CodeIgniter->handleRequest(NULL, Object(Config\Cache), false)
#6 C:\Users\USER\Documents\proyectos_git\ProjectSoftware2\index.php(37): CodeIgniter\CodeIgniter->run()
#7 {main}
CRITICAL - 2022-05-25 02:24:07 -->  route cannot be found while reverse-routing.
#0 C:\Users\USER\Documents\proyectos_git\ProjectSoftware2\system\HTTP\RedirectResponse.php(56): CodeIgniter\HTTP\Exceptions\HTTPException::forInvalidRedirectRoute('')
#1 C:\Users\USER\Documents\proyectos_git\ProjectSoftware2\system\Common.php(832): CodeIgniter\HTTP\RedirectResponse->route(false)
#2 C:\Users\USER\Documents\proyectos_git\ProjectSoftware2\app\Controllers\Home.php(12): redirect('Usuarios/listar...')
#3 C:\Users\USER\Documents\proyectos_git\ProjectSoftware2\system\CodeIgniter.php(832): App\Controllers\Home->index()
#4 C:\Users\USER\Documents\proyectos_git\ProjectSoftware2\system\CodeIgniter.php(419): CodeIgniter\CodeIgniter->runController(Object(App\Controllers\Home))
#5 C:\Users\USER\Documents\proyectos_git\ProjectSoftware2\system\CodeIgniter.php(326): CodeIgniter\CodeIgniter->handleRequest(NULL, Object(Config\Cache), false)
#6 C:\Users\USER\Documents\proyectos_git\ProjectSoftware2\index.php(37): CodeIgniter\CodeIgniter->run()
#7 {main}
CRITICAL - 2022-05-25 02:24:16 -->  route cannot be found while reverse-routing.
#0 C:\Users\USER\Documents\proyectos_git\ProjectSoftware2\system\HTTP\RedirectResponse.php(56): CodeIgniter\HTTP\Exceptions\HTTPException::forInvalidRedirectRoute('')
#1 C:\Users\USER\Documents\proyectos_git\ProjectSoftware2\system\Common.php(832): CodeIgniter\HTTP\RedirectResponse->route(false)
#2 C:\Users\USER\Documents\proyectos_git\ProjectSoftware2\app\Controllers\Home.php(12): redirect('/Usuarios/lista...')
#3 C:\Users\USER\Documents\proyectos_git\ProjectSoftware2\system\CodeIgniter.php(832): App\Controllers\Home->index()
#4 C:\Users\USER\Documents\proyectos_git\ProjectSoftware2\system\CodeIgniter.php(419): CodeIgniter\CodeIgniter->runController(Object(App\Controllers\Home))
#5 C:\Users\USER\Documents\proyectos_git\ProjectSoftware2\system\CodeIgniter.php(326): CodeIgniter\CodeIgniter->handleRequest(NULL, Object(Config\Cache), false)
#6 C:\Users\USER\Documents\proyectos_git\ProjectSoftware2\index.php(37): CodeIgniter\CodeIgniter->run()
#7 {main}
CRITICAL - 2022-05-25 02:24:38 -->  route cannot be found while reverse-routing.
#0 C:\Users\USER\Documents\proyectos_git\ProjectSoftware2\system\HTTP\RedirectResponse.php(56): CodeIgniter\HTTP\Exceptions\HTTPException::forInvalidRedirectRoute('')
#1 C:\Users\USER\Documents\proyectos_git\ProjectSoftware2\app\Controllers\Home.php(12): CodeIgniter\HTTP\RedirectResponse->route(false)
#2 C:\Users\USER\Documents\proyectos_git\ProjectSoftware2\system\CodeIgniter.php(832): App\Controllers\Home->index()
#3 C:\Users\USER\Documents\proyectos_git\ProjectSoftware2\system\CodeIgniter.php(419): CodeIgniter\CodeIgniter->runController(Object(App\Controllers\Home))
#4 C:\Users\USER\Documents\proyectos_git\ProjectSoftware2\system\CodeIgniter.php(326): CodeIgniter\CodeIgniter->handleRequest(NULL, Object(Config\Cache), false)
#5 C:\Users\USER\Documents\proyectos_git\ProjectSoftware2\index.php(37): CodeIgniter\CodeIgniter->run()
#6 {main}
CRITICAL - 2022-05-25 02:24:39 -->  route cannot be found while reverse-routing.
#0 C:\Users\USER\Documents\proyectos_git\ProjectSoftware2\system\HTTP\RedirectResponse.php(56): CodeIgniter\HTTP\Exceptions\HTTPException::forInvalidRedirectRoute('')
#1 C:\Users\USER\Documents\proyectos_git\ProjectSoftware2\app\Controllers\Home.php(12): CodeIgniter\HTTP\RedirectResponse->route(false)
#2 C:\Users\USER\Documents\proyectos_git\ProjectSoftware2\system\CodeIgniter.php(832): App\Controllers\Home->index()
#3 C:\Users\USER\Documents\proyectos_git\ProjectSoftware2\system\CodeIgniter.php(419): CodeIgniter\CodeIgniter->runController(Object(App\Controllers\Home))
#4 C:\Users\USER\Documents\proyectos_git\ProjectSoftware2\system\CodeIgniter.php(326): CodeIgniter\CodeIgniter->handleRequest(NULL, Object(Config\Cache), false)
#5 C:\Users\USER\Documents\proyectos_git\ProjectSoftware2\index.php(37): CodeIgniter\CodeIgniter->run()
#6 {main}
CRITICAL - 2022-05-25 02:24:40 -->  route cannot be found while reverse-routing.
#0 C:\Users\USER\Documents\proyectos_git\ProjectSoftware2\system\HTTP\RedirectResponse.php(56): CodeIgniter\HTTP\Exceptions\HTTPException::forInvalidRedirectRoute('')
#1 C:\Users\USER\Documents\proyectos_git\ProjectSoftware2\app\Controllers\Home.php(12): CodeIgniter\HTTP\RedirectResponse->route(false)
#2 C:\Users\USER\Documents\proyectos_git\ProjectSoftware2\system\CodeIgniter.php(832): App\Controllers\Home->index()
#3 C:\Users\USER\Documents\proyectos_git\ProjectSoftware2\system\CodeIgniter.php(419): CodeIgniter\CodeIgniter->runController(Object(App\Controllers\Home))
#4 C:\Users\USER\Documents\proyectos_git\ProjectSoftware2\system\CodeIgniter.php(326): CodeIgniter\CodeIgniter->handleRequest(NULL, Object(Config\Cache), false)
#5 C:\Users\USER\Documents\proyectos_git\ProjectSoftware2\index.php(37): CodeIgniter\CodeIgniter->run()
#6 {main}
CRITICAL - 2022-05-25 02:24:45 -->  route cannot be found while reverse-routing.
#0 C:\Users\USER\Documents\proyectos_git\ProjectSoftware2\system\HTTP\RedirectResponse.php(56): CodeIgniter\HTTP\Exceptions\HTTPException::forInvalidRedirectRoute('')
#1 C:\Users\USER\Documents\proyectos_git\ProjectSoftware2\app\Controllers\Home.php(12): CodeIgniter\HTTP\RedirectResponse->route(false)
#2 C:\Users\USER\Documents\proyectos_git\ProjectSoftware2\system\CodeIgniter.php(832): App\Controllers\Home->index()
#3 C:\Users\USER\Documents\proyectos_git\ProjectSoftware2\system\CodeIgniter.php(419): CodeIgniter\CodeIgniter->runController(Object(App\Controllers\Home))
#4 C:\Users\USER\Documents\proyectos_git\ProjectSoftware2\system\CodeIgniter.php(326): CodeIgniter\CodeIgniter->handleRequest(NULL, Object(Config\Cache), false)
#5 C:\Users\USER\Documents\proyectos_git\ProjectSoftware2\index.php(37): CodeIgniter\CodeIgniter->run()
#6 {main}
CRITICAL - 2022-05-25 02:24:46 -->  route cannot be found while reverse-routing.
#0 C:\Users\USER\Documents\proyectos_git\ProjectSoftware2\system\HTTP\RedirectResponse.php(56): CodeIgniter\HTTP\Exceptions\HTTPException::forInvalidRedirectRoute('')
#1 C:\Users\USER\Documents\proyectos_git\ProjectSoftware2\app\Controllers\Home.php(12): CodeIgniter\HTTP\RedirectResponse->route(false)
#2 C:\Users\USER\Documents\proyectos_git\ProjectSoftware2\system\CodeIgniter.php(832): App\Controllers\Home->index()
#3 C:\Users\USER\Documents\proyectos_git\ProjectSoftware2\system\CodeIgniter.php(419): CodeIgniter\CodeIgniter->runController(Object(App\Controllers\Home))
#4 C:\Users\USER\Documents\proyectos_git\ProjectSoftware2\system\CodeIgniter.php(326): CodeIgniter\CodeIgniter->handleRequest(NULL, Object(Config\Cache), false)
#5 C:\Users\USER\Documents\proyectos_git\ProjectSoftware2\index.php(37): CodeIgniter\CodeIgniter->run()
#6 {main}
CRITICAL - 2022-05-25 02:25:04 -->  route cannot be found while reverse-routing.
#0 C:\Users\USER\Documents\proyectos_git\ProjectSoftware2\system\HTTP\RedirectResponse.php(56): CodeIgniter\HTTP\Exceptions\HTTPException::forInvalidRedirectRoute('')
#1 C:\Users\USER\Documents\proyectos_git\ProjectSoftware2\app\Controllers\Home.php(10): CodeIgniter\HTTP\RedirectResponse->route(false)
#2 C:\Users\USER\Documents\proyectos_git\ProjectSoftware2\system\CodeIgniter.php(832): App\Controllers\Home->index()
#3 C:\Users\USER\Documents\proyectos_git\ProjectSoftware2\system\CodeIgniter.php(419): CodeIgniter\CodeIgniter->runController(Object(App\Controllers\Home))
#4 C:\Users\USER\Documents\proyectos_git\ProjectSoftware2\system\CodeIgniter.php(326): CodeIgniter\CodeIgniter->handleRequest(NULL, Object(Config\Cache), false)
#5 C:\Users\USER\Documents\proyectos_git\ProjectSoftware2\index.php(37): CodeIgniter\CodeIgniter->run()
#6 {main}
CRITICAL - 2022-05-25 02:26:16 --> You must set the database table to be used with your query.
#0 C:\Users\USER\Documents\proyectos_git\ProjectSoftware2\system\Model.php(545): CodeIgniter\Database\BaseConnection->table(NULL)
#1 C:\Users\USER\Documents\proyectos_git\ProjectSoftware2\system\Model.php(722): CodeIgniter\Model->builder()
#2 C:\Users\USER\Documents\proyectos_git\ProjectSoftware2\app\Controllers\Usuarios.php(37): CodeIgniter\Model->__call('getUSers', Array)
#3 C:\Users\USER\Documents\proyectos_git\ProjectSoftware2\system\CodeIgniter.php(832): App\Controllers\Usuarios->listarUsuarios()
#4 C:\Users\USER\Documents\proyectos_git\ProjectSoftware2\system\CodeIgniter.php(419): CodeIgniter\CodeIgniter->runController(Object(App\Controllers\Usuarios))
#5 C:\Users\USER\Documents\proyectos_git\ProjectSoftware2\system\CodeIgniter.php(326): CodeIgniter\CodeIgniter->handleRequest(NULL, Object(Config\Cache), false)
#6 C:\Users\USER\Documents\proyectos_git\ProjectSoftware2\index.php(37): CodeIgniter\CodeIgniter->run()
#7 {main}
CRITICAL - 2022-05-25 02:49:16 --> Undefined variable $dataUsuario
#0 C:\Users\USER\Documents\proyectos_git\ProjectSoftware2\app\Models\TblUsuarios.php(69): CodeIgniter\Debug\Exceptions->errorHandler(2, 'Undefined varia...', 'C:\\Users\\USER\\D...', 69)
#1 C:\Users\USER\Documents\proyectos_git\ProjectSoftware2\app\Controllers\Usuarios.php(44): App\Models\TblUsuarios->getUSers()
#2 C:\Users\USER\Documents\proyectos_git\ProjectSoftware2\system\CodeIgniter.php(832): App\Controllers\Usuarios->dataTablaUsuarios()
#3 C:\Users\USER\Documents\proyectos_git\ProjectSoftware2\system\CodeIgniter.php(419): CodeIgniter\CodeIgniter->runController(Object(App\Controllers\Usuarios))
#4 C:\Users\USER\Documents\proyectos_git\ProjectSoftware2\system\CodeIgniter.php(326): CodeIgniter\CodeIgniter->handleRequest(NULL, Object(Config\Cache), false)
#5 C:\Users\USER\Documents\proyectos_git\ProjectSoftware2\index.php(37): CodeIgniter\CodeIgniter->run()
#6 {main}
CRITICAL - 2022-05-25 02:49:33 --> Undefined variable $dataUsuario
#0 C:\Users\USER\Documents\proyectos_git\ProjectSoftware2\app\Models\TblUsuarios.php(69): CodeIgniter\Debug\Exceptions->errorHandler(2, 'Undefined varia...', 'C:\\Users\\USER\\D...', 69)
#1 C:\Users\USER\Documents\proyectos_git\ProjectSoftware2\app\Controllers\Usuarios.php(44): App\Models\TblUsuarios->getUSers()
#2 C:\Users\USER\Documents\proyectos_git\ProjectSoftware2\system\CodeIgniter.php(832): App\Controllers\Usuarios->dataTablaUsuarios()
#3 C:\Users\USER\Documents\proyectos_git\ProjectSoftware2\system\CodeIgniter.php(419): CodeIgniter\CodeIgniter->runController(Object(App\Controllers\Usuarios))
#4 C:\Users\USER\Documents\proyectos_git\ProjectSoftware2\system\CodeIgniter.php(326): CodeIgniter\CodeIgniter->handleRequest(NULL, Object(Config\Cache), false)
#5 C:\Users\USER\Documents\proyectos_git\ProjectSoftware2\index.php(37): CodeIgniter\CodeIgniter->run()
#6 {main}
CRITICAL - 2022-05-25 02:49:52 --> Attempt to read property "usuario" on array
#0 C:\Users\USER\Documents\proyectos_git\ProjectSoftware2\app\Controllers\Usuarios.php(50): CodeIgniter\Debug\Exceptions->errorHandler(2, 'Attempt to read...', 'C:\\Users\\USER\\D...', 50)
#1 C:\Users\USER\Documents\proyectos_git\ProjectSoftware2\system\CodeIgniter.php(832): App\Controllers\Usuarios->dataTablaUsuarios()
#2 C:\Users\USER\Documents\proyectos_git\ProjectSoftware2\system\CodeIgniter.php(419): CodeIgniter\CodeIgniter->runController(Object(App\Controllers\Usuarios))
#3 C:\Users\USER\Documents\proyectos_git\ProjectSoftware2\system\CodeIgniter.php(326): CodeIgniter\CodeIgniter->handleRequest(NULL, Object(Config\Cache), false)
#4 C:\Users\USER\Documents\proyectos_git\ProjectSoftware2\index.php(37): CodeIgniter\CodeIgniter->run()
#5 {main}
CRITICAL - 2022-05-25 02:50:22 --> Attempt to read property "usuario" on array
#0 C:\Users\USER\Documents\proyectos_git\ProjectSoftware2\app\Controllers\Usuarios.php(51): CodeIgniter\Debug\Exceptions->errorHandler(2, 'Attempt to read...', 'C:\\Users\\USER\\D...', 51)
#1 C:\Users\USER\Documents\proyectos_git\ProjectSoftware2\system\CodeIgniter.php(832): App\Controllers\Usuarios->dataTablaUsuarios()
#2 C:\Users\USER\Documents\proyectos_git\ProjectSoftware2\system\CodeIgniter.php(419): CodeIgniter\CodeIgniter->runController(Object(App\Controllers\Usuarios))
#3 C:\Users\USER\Documents\proyectos_git\ProjectSoftware2\system\CodeIgniter.php(326): CodeIgniter\CodeIgniter->handleRequest(NULL, Object(Config\Cache), false)
#4 C:\Users\USER\Documents\proyectos_git\ProjectSoftware2\index.php(37): CodeIgniter\CodeIgniter->run()
#5 {main}
CRITICAL - 2022-05-25 02:50:46 --> Attempt to read property "usuario" on array
#0 C:\Users\USER\Documents\proyectos_git\ProjectSoftware2\app\Controllers\Usuarios.php(51): CodeIgniter\Debug\Exceptions->errorHandler(2, 'Attempt to read...', 'C:\\Users\\USER\\D...', 51)
#1 C:\Users\USER\Documents\proyectos_git\ProjectSoftware2\system\CodeIgniter.php(832): App\Controllers\Usuarios->dataTablaUsuarios()
#2 C:\Users\USER\Documents\proyectos_git\ProjectSoftware2\system\CodeIgniter.php(419): CodeIgniter\CodeIgniter->runController(Object(App\Controllers\Usuarios))
#3 C:\Users\USER\Documents\proyectos_git\ProjectSoftware2\system\CodeIgniter.php(326): CodeIgniter\CodeIgniter->handleRequest(NULL, Object(Config\Cache), false)
#4 C:\Users\USER\Documents\proyectos_git\ProjectSoftware2\index.php(37): CodeIgniter\CodeIgniter->run()
#5 {main}
CRITICAL - 2022-05-25 02:52:10 --> Cannot access offset of type string on string
#0 C:\Users\USER\Documents\proyectos_git\ProjectSoftware2\system\CodeIgniter.php(832): App\Controllers\Usuarios->dataTablaUsuarios()
#1 C:\Users\USER\Documents\proyectos_git\ProjectSoftware2\system\CodeIgniter.php(419): CodeIgniter\CodeIgniter->runController(Object(App\Controllers\Usuarios))
#2 C:\Users\USER\Documents\proyectos_git\ProjectSoftware2\system\CodeIgniter.php(326): CodeIgniter\CodeIgniter->handleRequest(NULL, Object(Config\Cache), false)
#3 C:\Users\USER\Documents\proyectos_git\ProjectSoftware2\index.php(37): CodeIgniter\CodeIgniter->run()
#4 {main}
CRITICAL - 2022-05-25 02:52:39 --> foreach() argument must be of type array|object, string given
#0 C:\Users\USER\Documents\proyectos_git\ProjectSoftware2\app\Controllers\Usuarios.php(47): CodeIgniter\Debug\Exceptions->errorHandler(2, 'foreach() argum...', 'C:\\Users\\USER\\D...', 47)
#1 C:\Users\USER\Documents\proyectos_git\ProjectSoftware2\system\CodeIgniter.php(832): App\Controllers\Usuarios->dataTablaUsuarios()
#2 C:\Users\USER\Documents\proyectos_git\ProjectSoftware2\system\CodeIgniter.php(419): CodeIgniter\CodeIgniter->runController(Object(App\Controllers\Usuarios))
#3 C:\Users\USER\Documents\proyectos_git\ProjectSoftware2\system\CodeIgniter.php(326): CodeIgniter\CodeIgniter->handleRequest(NULL, Object(Config\Cache), false)
#4 C:\Users\USER\Documents\proyectos_git\ProjectSoftware2\index.php(37): CodeIgniter\CodeIgniter->run()
#5 {main}
CRITICAL - 2022-05-25 12:30:49 --> Undefined property: CodeIgniter\View\View::$session
#0 C:\Users\USER\Documents\proyectos_git\ProjectSoftware2\app\Views\layout\natvar.php(9): CodeIgniter\Debug\Exceptions->errorHandler(2, 'Undefined prope...', 'C:\\Users\\USER\\D...', 9)
#1 C:\Users\USER\Documents\proyectos_git\ProjectSoftware2\system\View\View.php(210): include('C:\\Users\\USER\\D...')
#2 C:\Users\USER\Documents\proyectos_git\ProjectSoftware2\system\View\View.php(213): CodeIgniter\View\View->CodeIgniter\View\{closure}()
#3 C:\Users\USER\Documents\proyectos_git\ProjectSoftware2\system\Common.php(1089): CodeIgniter\View\View->render('layout/natvar', Array, true)
#4 C:\Users\USER\Documents\proyectos_git\ProjectSoftware2\app\Controllers\Usuarios.php(37): view('layout/natvar')
#5 C:\Users\USER\Documents\proyectos_git\ProjectSoftware2\system\CodeIgniter.php(832): App\Controllers\Usuarios->listarUsuarios()
#6 C:\Users\USER\Documents\proyectos_git\ProjectSoftware2\system\CodeIgniter.php(419): CodeIgniter\CodeIgniter->runController(Object(App\Controllers\Usuarios))
#7 C:\Users\USER\Documents\proyectos_git\ProjectSoftware2\system\CodeIgniter.php(326): CodeIgniter\CodeIgniter->handleRequest(NULL, Object(Config\Cache), false)
#8 C:\Users\USER\Documents\proyectos_git\ProjectSoftware2\index.php(37): CodeIgniter\CodeIgniter->run()
#9 {main}
