CRITICAL - 2022-05-24 21:43:21 --> Undefined variable $config
#0 C:\Users\USER\Documents\proyectos_git\ProjectSoftware2\app\Controllers\BaseController.php(47): CodeIgniter\Debug\Exceptions->errorHandler(2, 'Undefined varia...', 'C:\\Users\\USER\\D...', 47)
#1 C:\Users\USER\Documents\proyectos_git\ProjectSoftware2\system\CodeIgniter.php(810): App\Controllers\BaseController->initController(Object(CodeIgniter\HTTP\IncomingRequest), Object(CodeIgniter\HTTP\Response), Object(CodeIgniter\Log\Logger))
#2 C:\Users\USER\Documents\proyectos_git\ProjectSoftware2\system\CodeIgniter.php(410): CodeIgniter\CodeIgniter->createController()
#3 C:\Users\USER\Documents\proyectos_git\ProjectSoftware2\system\CodeIgniter.php(326): CodeIgniter\CodeIgniter->handleRequest(NULL, Object(Config\Cache), false)
#4 C:\Users\USER\Documents\proyectos_git\ProjectSoftware2\index.php(37): CodeIgniter\CodeIgniter->run()
#5 {main}
CRITICAL - 2022-05-24 21:43:45 --> Undefined variable $config
#0 C:\Users\USER\Documents\proyectos_git\ProjectSoftware2\app\Controllers\BaseController.php(47): CodeIgniter\Debug\Exceptions->errorHandler(2, 'Undefined varia...', 'C:\\Users\\USER\\D...', 47)
#1 C:\Users\USER\Documents\proyectos_git\ProjectSoftware2\system\CodeIgniter.php(810): App\Controllers\BaseController->initController(Object(CodeIgniter\HTTP\IncomingRequest), Object(CodeIgniter\HTTP\Response), Object(CodeIgniter\Log\Logger))
#2 C:\Users\USER\Documents\proyectos_git\ProjectSoftware2\system\CodeIgniter.php(410): CodeIgniter\CodeIgniter->createController()
#3 C:\Users\USER\Documents\proyectos_git\ProjectSoftware2\system\CodeIgniter.php(326): CodeIgniter\CodeIgniter->handleRequest(NULL, Object(Config\Cache), false)
#4 C:\Users\USER\Documents\proyectos_git\ProjectSoftware2\index.php(37): CodeIgniter\CodeIgniter->run()
#5 {main}
CRITICAL - 2022-05-24 21:44:14 --> Undefined variable $config
#0 C:\Users\USER\Documents\proyectos_git\ProjectSoftware2\app\Controllers\BaseController.php(47): CodeIgniter\Debug\Exceptions->errorHandler(2, 'Undefined varia...', 'C:\\Users\\USER\\D...', 47)
#1 C:\Users\USER\Documents\proyectos_git\ProjectSoftware2\system\CodeIgniter.php(810): App\Controllers\BaseController->initController(Object(CodeIgniter\HTTP\IncomingRequest), Object(CodeIgniter\HTTP\Response), Object(CodeIgniter\Log\Logger))
#2 C:\Users\USER\Documents\proyectos_git\ProjectSoftware2\system\CodeIgniter.php(410): CodeIgniter\CodeIgniter->createController()
#3 C:\Users\USER\Documents\proyectos_git\ProjectSoftware2\system\CodeIgniter.php(326): CodeIgniter\CodeIgniter->handleRequest(NULL, Object(Config\Cache), false)
#4 C:\Users\USER\Documents\proyectos_git\ProjectSoftware2\index.php(37): CodeIgniter\CodeIgniter->run()
#5 {main}
CRITICAL - 2022-05-24 22:23:33 --> Class "App\Controllers\TblUsuario" not found
#0 C:\Users\USER\Documents\proyectos_git\ProjectSoftware2\system\CodeIgniter.php(809): App\Controllers\Usuarios->__construct()
#1 C:\Users\USER\Documents\proyectos_git\ProjectSoftware2\system\CodeIgniter.php(410): CodeIgniter\CodeIgniter->createController()
#2 C:\Users\USER\Documents\proyectos_git\ProjectSoftware2\system\CodeIgniter.php(326): CodeIgniter\CodeIgniter->handleRequest(NULL, Object(Config\Cache), false)
#3 C:\Users\USER\Documents\proyectos_git\ProjectSoftware2\index.php(37): CodeIgniter\CodeIgniter->run()
#4 {main}
CRITICAL - 2022-05-24 22:24:07 --> Class "App\Controllers\TblUsuario" not found
#0 C:\Users\USER\Documents\proyectos_git\ProjectSoftware2\system\CodeIgniter.php(809): App\Controllers\Usuarios->__construct()
#1 C:\Users\USER\Documents\proyectos_git\ProjectSoftware2\system\CodeIgniter.php(410): CodeIgniter\CodeIgniter->createController()
#2 C:\Users\USER\Documents\proyectos_git\ProjectSoftware2\system\CodeIgniter.php(326): CodeIgniter\CodeIgniter->handleRequest(NULL, Object(Config\Cache), false)
#3 C:\Users\USER\Documents\proyectos_git\ProjectSoftware2\index.php(37): CodeIgniter\CodeIgniter->run()
#4 {main}
CRITICAL - 2022-05-24 22:24:12 --> Class "App\Controllers\TblUsuario" not found
#0 C:\Users\USER\Documents\proyectos_git\ProjectSoftware2\system\CodeIgniter.php(809): App\Controllers\Usuarios->__construct()
#1 C:\Users\USER\Documents\proyectos_git\ProjectSoftware2\system\CodeIgniter.php(410): CodeIgniter\CodeIgniter->createController()
#2 C:\Users\USER\Documents\proyectos_git\ProjectSoftware2\system\CodeIgniter.php(326): CodeIgniter\CodeIgniter->handleRequest(NULL, Object(Config\Cache), false)
#3 C:\Users\USER\Documents\proyectos_git\ProjectSoftware2\index.php(37): CodeIgniter\CodeIgniter->run()
#4 {main}
CRITICAL - 2022-05-24 22:24:46 --> syntax error, unexpected token "}", expecting identifier or variable or "{" or "$"
#0 C:\Users\USER\Documents\proyectos_git\ProjectSoftware2\system\Autoloader\Autoloader.php(241): CodeIgniter\Autoloader\Autoloader->includeFile('C:\\Users\\USER\\D...')
#1 C:\Users\USER\Documents\proyectos_git\ProjectSoftware2\system\Autoloader\Autoloader.php(219): CodeIgniter\Autoloader\Autoloader->loadInNamespace('App\\Models\\TblU...')
#2 C:\Users\USER\Documents\proyectos_git\ProjectSoftware2\app\Controllers\Usuarios.php(10): CodeIgniter\Autoloader\Autoloader->loadClass('App\\Models\\TblU...')
#3 C:\Users\USER\Documents\proyectos_git\ProjectSoftware2\system\CodeIgniter.php(809): App\Controllers\Usuarios->__construct()
#4 C:\Users\USER\Documents\proyectos_git\ProjectSoftware2\system\CodeIgniter.php(410): CodeIgniter\CodeIgniter->createController()
#5 C:\Users\USER\Documents\proyectos_git\ProjectSoftware2\system\CodeIgniter.php(326): CodeIgniter\CodeIgniter->handleRequest(NULL, Object(Config\Cache), false)
#6 C:\Users\USER\Documents\proyectos_git\ProjectSoftware2\index.php(37): CodeIgniter\CodeIgniter->run()
#7 {main}
CRITICAL - 2022-05-24 22:52:24 --> Call to a member function table() on null
#0 C:\Users\USER\Documents\proyectos_git\ProjectSoftware2\app\Controllers\Usuarios.php(22): App\Models\TblUsuarios->issetUsuario('eatrigos@unices...', '12345')
#1 C:\Users\USER\Documents\proyectos_git\ProjectSoftware2\system\CodeIgniter.php(832): App\Controllers\Usuarios->validarUsuario()
#2 C:\Users\USER\Documents\proyectos_git\ProjectSoftware2\system\CodeIgniter.php(419): CodeIgniter\CodeIgniter->runController(Object(App\Controllers\Usuarios))
#3 C:\Users\USER\Documents\proyectos_git\ProjectSoftware2\system\CodeIgniter.php(326): CodeIgniter\CodeIgniter->handleRequest(NULL, Object(Config\Cache), false)
#4 C:\Users\USER\Documents\proyectos_git\ProjectSoftware2\index.php(37): CodeIgniter\CodeIgniter->run()
#5 {main}
CRITICAL - 2022-05-24 22:53:10 --> Call to a member function table() on null
#0 C:\Users\USER\Documents\proyectos_git\ProjectSoftware2\app\Controllers\Usuarios.php(22): App\Models\TblUsuarios->issetUsuario('eatrigos@unices...', '12345')
#1 C:\Users\USER\Documents\proyectos_git\ProjectSoftware2\system\CodeIgniter.php(832): App\Controllers\Usuarios->validarUsuario()
#2 C:\Users\USER\Documents\proyectos_git\ProjectSoftware2\system\CodeIgniter.php(419): CodeIgniter\CodeIgniter->runController(Object(App\Controllers\Usuarios))
#3 C:\Users\USER\Documents\proyectos_git\ProjectSoftware2\system\CodeIgniter.php(326): CodeIgniter\CodeIgniter->handleRequest(NULL, Object(Config\Cache), false)
#4 C:\Users\USER\Documents\proyectos_git\ProjectSoftware2\index.php(37): CodeIgniter\CodeIgniter->run()
#5 {main}
CRITICAL - 2022-05-24 22:53:34 --> Call to a member function table() on null
#0 C:\Users\USER\Documents\proyectos_git\ProjectSoftware2\app\Controllers\Usuarios.php(22): App\Models\TblUsuarios->issetUsuario('eatrigos@unices...', '12345')
#1 C:\Users\USER\Documents\proyectos_git\ProjectSoftware2\system\CodeIgniter.php(832): App\Controllers\Usuarios->validarUsuario()
#2 C:\Users\USER\Documents\proyectos_git\ProjectSoftware2\system\CodeIgniter.php(419): CodeIgniter\CodeIgniter->runController(Object(App\Controllers\Usuarios))
#3 C:\Users\USER\Documents\proyectos_git\ProjectSoftware2\system\CodeIgniter.php(326): CodeIgniter\CodeIgniter->handleRequest(NULL, Object(Config\Cache), false)
#4 C:\Users\USER\Documents\proyectos_git\ProjectSoftware2\index.php(37): CodeIgniter\CodeIgniter->run()
#5 {main}
CRITICAL - 2022-05-24 22:54:28 --> Call to a member function table() on null
#0 C:\Users\USER\Documents\proyectos_git\ProjectSoftware2\app\Controllers\Usuarios.php(23): App\Models\TblUsuarios->issetUsuario('eatrigos@unices...', '12345')
#1 C:\Users\USER\Documents\proyectos_git\ProjectSoftware2\system\CodeIgniter.php(832): App\Controllers\Usuarios->validarUsuario()
#2 C:\Users\USER\Documents\proyectos_git\ProjectSoftware2\system\CodeIgniter.php(419): CodeIgniter\CodeIgniter->runController(Object(App\Controllers\Usuarios))
#3 C:\Users\USER\Documents\proyectos_git\ProjectSoftware2\system\CodeIgniter.php(326): CodeIgniter\CodeIgniter->handleRequest(NULL, Object(Config\Cache), false)
#4 C:\Users\USER\Documents\proyectos_git\ProjectSoftware2\index.php(37): CodeIgniter\CodeIgniter->run()
#5 {main}
CRITICAL - 2022-05-24 22:54:44 --> Call to a member function table() on null
#0 C:\Users\USER\Documents\proyectos_git\ProjectSoftware2\app\Controllers\Usuarios.php(23): App\Models\TblUsuarios->issetUsuario('eatrigos@unices...', '12345')
#1 C:\Users\USER\Documents\proyectos_git\ProjectSoftware2\system\CodeIgniter.php(832): App\Controllers\Usuarios->validarUsuario()
#2 C:\Users\USER\Documents\proyectos_git\ProjectSoftware2\system\CodeIgniter.php(419): CodeIgniter\CodeIgniter->runController(Object(App\Controllers\Usuarios))
#3 C:\Users\USER\Documents\proyectos_git\ProjectSoftware2\system\CodeIgniter.php(326): CodeIgniter\CodeIgniter->handleRequest(NULL, Object(Config\Cache), false)
#4 C:\Users\USER\Documents\proyectos_git\ProjectSoftware2\index.php(37): CodeIgniter\CodeIgniter->run()
#5 {main}
CRITICAL - 2022-05-24 22:55:48 --> Call to a member function table() on null
#0 C:\Users\USER\Documents\proyectos_git\ProjectSoftware2\app\Controllers\Usuarios.php(23): App\Models\TblUsuarios->issetUsuario('sdfsdfsfsdf', 'dsfsdfsdf')
#1 C:\Users\USER\Documents\proyectos_git\ProjectSoftware2\system\CodeIgniter.php(832): App\Controllers\Usuarios->validarUsuario()
#2 C:\Users\USER\Documents\proyectos_git\ProjectSoftware2\system\CodeIgniter.php(419): CodeIgniter\CodeIgniter->runController(Object(App\Controllers\Usuarios))
#3 C:\Users\USER\Documents\proyectos_git\ProjectSoftware2\system\CodeIgniter.php(326): CodeIgniter\CodeIgniter->handleRequest(NULL, Object(Config\Cache), false)
#4 C:\Users\USER\Documents\proyectos_git\ProjectSoftware2\index.php(37): CodeIgniter\CodeIgniter->run()
#5 {main}
CRITICAL - 2022-05-24 22:56:15 --> Call to a member function table() on null
#0 C:\Users\USER\Documents\proyectos_git\ProjectSoftware2\app\Controllers\Usuarios.php(23): App\Models\TblUsuarios->issetUsuario('eatrigos@unices...', '12345')
#1 C:\Users\USER\Documents\proyectos_git\ProjectSoftware2\system\CodeIgniter.php(832): App\Controllers\Usuarios->validarUsuario()
#2 C:\Users\USER\Documents\proyectos_git\ProjectSoftware2\system\CodeIgniter.php(419): CodeIgniter\CodeIgniter->runController(Object(App\Controllers\Usuarios))
#3 C:\Users\USER\Documents\proyectos_git\ProjectSoftware2\system\CodeIgniter.php(326): CodeIgniter\CodeIgniter->handleRequest(NULL, Object(Config\Cache), false)
#4 C:\Users\USER\Documents\proyectos_git\ProjectSoftware2\index.php(37): CodeIgniter\CodeIgniter->run()
#5 {main}
CRITICAL - 2022-05-24 22:56:25 --> Call to a member function table() on null
#0 C:\Users\USER\Documents\proyectos_git\ProjectSoftware2\app\Controllers\Usuarios.php(23): App\Models\TblUsuarios->issetUsuario('sdfsdfsfsdf', 'dsfsdfsdf')
#1 C:\Users\USER\Documents\proyectos_git\ProjectSoftware2\system\CodeIgniter.php(832): App\Controllers\Usuarios->validarUsuario()
#2 C:\Users\USER\Documents\proyectos_git\ProjectSoftware2\system\CodeIgniter.php(419): CodeIgniter\CodeIgniter->runController(Object(App\Controllers\Usuarios))
#3 C:\Users\USER\Documents\proyectos_git\ProjectSoftware2\system\CodeIgniter.php(326): CodeIgniter\CodeIgniter->handleRequest(NULL, Object(Config\Cache), false)
#4 C:\Users\USER\Documents\proyectos_git\ProjectSoftware2\index.php(37): CodeIgniter\CodeIgniter->run()
#5 {main}
CRITICAL - 2022-05-24 22:56:34 --> Call to a member function table() on null
#0 C:\Users\USER\Documents\proyectos_git\ProjectSoftware2\app\Controllers\Usuarios.php(23): App\Models\TblUsuarios->issetUsuario('sdfsdfsfsdf', 'dsfsdfsdf')
#1 C:\Users\USER\Documents\proyectos_git\ProjectSoftware2\system\CodeIgniter.php(832): App\Controllers\Usuarios->validarUsuario()
#2 C:\Users\USER\Documents\proyectos_git\ProjectSoftware2\system\CodeIgniter.php(419): CodeIgniter\CodeIgniter->runController(Object(App\Controllers\Usuarios))
#3 C:\Users\USER\Documents\proyectos_git\ProjectSoftware2\system\CodeIgniter.php(326): CodeIgniter\CodeIgniter->handleRequest(NULL, Object(Config\Cache), false)
#4 C:\Users\USER\Documents\proyectos_git\ProjectSoftware2\index.php(37): CodeIgniter\CodeIgniter->run()
#5 {main}
CRITICAL - 2022-05-24 22:56:36 --> Call to a member function table() on null
#0 C:\Users\USER\Documents\proyectos_git\ProjectSoftware2\app\Controllers\Usuarios.php(23): App\Models\TblUsuarios->issetUsuario('sdfsdfsfsdf', 'dsfsdfsdf')
#1 C:\Users\USER\Documents\proyectos_git\ProjectSoftware2\system\CodeIgniter.php(832): App\Controllers\Usuarios->validarUsuario()
#2 C:\Users\USER\Documents\proyectos_git\ProjectSoftware2\system\CodeIgniter.php(419): CodeIgniter\CodeIgniter->runController(Object(App\Controllers\Usuarios))
#3 C:\Users\USER\Documents\proyectos_git\ProjectSoftware2\system\CodeIgniter.php(326): CodeIgniter\CodeIgniter->handleRequest(NULL, Object(Config\Cache), false)
#4 C:\Users\USER\Documents\proyectos_git\ProjectSoftware2\index.php(37): CodeIgniter\CodeIgniter->run()
#5 {main}
CRITICAL - 2022-05-24 23:00:13 --> Call to a member function table() on null
#0 C:\Users\USER\Documents\proyectos_git\ProjectSoftware2\app\Controllers\Usuarios.php(24): App\Models\TblUsuarios->issetUsuario('sdfsdfsfsdf', 'dsfsdfsdf')
#1 C:\Users\USER\Documents\proyectos_git\ProjectSoftware2\system\CodeIgniter.php(832): App\Controllers\Usuarios->validarUsuario()
#2 C:\Users\USER\Documents\proyectos_git\ProjectSoftware2\system\CodeIgniter.php(419): CodeIgniter\CodeIgniter->runController(Object(App\Controllers\Usuarios))
#3 C:\Users\USER\Documents\proyectos_git\ProjectSoftware2\system\CodeIgniter.php(326): CodeIgniter\CodeIgniter->handleRequest(NULL, Object(Config\Cache), false)
#4 C:\Users\USER\Documents\proyectos_git\ProjectSoftware2\index.php(37): CodeIgniter\CodeIgniter->run()
#5 {main}
CRITICAL - 2022-05-24 23:00:15 --> Call to a member function table() on null
#0 C:\Users\USER\Documents\proyectos_git\ProjectSoftware2\app\Controllers\Usuarios.php(24): App\Models\TblUsuarios->issetUsuario('sdfsdfsfsdf', 'dsfsdfsdf')
#1 C:\Users\USER\Documents\proyectos_git\ProjectSoftware2\system\CodeIgniter.php(832): App\Controllers\Usuarios->validarUsuario()
#2 C:\Users\USER\Documents\proyectos_git\ProjectSoftware2\system\CodeIgniter.php(419): CodeIgniter\CodeIgniter->runController(Object(App\Controllers\Usuarios))
#3 C:\Users\USER\Documents\proyectos_git\ProjectSoftware2\system\CodeIgniter.php(326): CodeIgniter\CodeIgniter->handleRequest(NULL, Object(Config\Cache), false)
#4 C:\Users\USER\Documents\proyectos_git\ProjectSoftware2\index.php(37): CodeIgniter\CodeIgniter->run()
#5 {main}
CRITICAL - 2022-05-24 23:00:40 --> Call to a member function table() on null
#0 C:\Users\USER\Documents\proyectos_git\ProjectSoftware2\app\Controllers\Usuarios.php(24): App\Models\TblUsuarios->issetUsuario('sdfsdfsfsdf', 'dsfsdfsdf')
#1 C:\Users\USER\Documents\proyectos_git\ProjectSoftware2\system\CodeIgniter.php(832): App\Controllers\Usuarios->validarUsuario()
#2 C:\Users\USER\Documents\proyectos_git\ProjectSoftware2\system\CodeIgniter.php(419): CodeIgniter\CodeIgniter->runController(Object(App\Controllers\Usuarios))
#3 C:\Users\USER\Documents\proyectos_git\ProjectSoftware2\system\CodeIgniter.php(326): CodeIgniter\CodeIgniter->handleRequest(NULL, Object(Config\Cache), false)
#4 C:\Users\USER\Documents\proyectos_git\ProjectSoftware2\index.php(37): CodeIgniter\CodeIgniter->run()
#5 {main}
CRITICAL - 2022-05-24 23:02:05 --> Call to a member function table() on null
#0 C:\Users\USER\Documents\proyectos_git\ProjectSoftware2\app\Controllers\Usuarios.php(24): App\Models\TblUsuarios->issetUsuario('sdfsdfsfsdf', 'dsfsdfsdf')
#1 C:\Users\USER\Documents\proyectos_git\ProjectSoftware2\system\CodeIgniter.php(832): App\Controllers\Usuarios->validarUsuario()
#2 C:\Users\USER\Documents\proyectos_git\ProjectSoftware2\system\CodeIgniter.php(419): CodeIgniter\CodeIgniter->runController(Object(App\Controllers\Usuarios))
#3 C:\Users\USER\Documents\proyectos_git\ProjectSoftware2\system\CodeIgniter.php(326): CodeIgniter\CodeIgniter->handleRequest(NULL, Object(Config\Cache), false)
#4 C:\Users\USER\Documents\proyectos_git\ProjectSoftware2\index.php(37): CodeIgniter\CodeIgniter->run()
#5 {main}
CRITICAL - 2022-05-24 23:02:15 --> Call to a member function table() on null
#0 C:\Users\USER\Documents\proyectos_git\ProjectSoftware2\app\Controllers\Usuarios.php(24): App\Models\TblUsuarios->issetUsuario('sdfsdfsfsdf', 'dsfsdfsdf')
#1 C:\Users\USER\Documents\proyectos_git\ProjectSoftware2\system\CodeIgniter.php(832): App\Controllers\Usuarios->validarUsuario()
#2 C:\Users\USER\Documents\proyectos_git\ProjectSoftware2\system\CodeIgniter.php(419): CodeIgniter\CodeIgniter->runController(Object(App\Controllers\Usuarios))
#3 C:\Users\USER\Documents\proyectos_git\ProjectSoftware2\system\CodeIgniter.php(326): CodeIgniter\CodeIgniter->handleRequest(NULL, Object(Config\Cache), false)
#4 C:\Users\USER\Documents\proyectos_git\ProjectSoftware2\index.php(37): CodeIgniter\CodeIgniter->run()
#5 {main}
CRITICAL - 2022-05-24 23:02:24 --> Call to a member function table() on null
#0 C:\Users\USER\Documents\proyectos_git\ProjectSoftware2\app\Controllers\Usuarios.php(24): App\Models\TblUsuarios->issetUsuario('sdfsdfsfsdf', 'dsfsdfsdf')
#1 C:\Users\USER\Documents\proyectos_git\ProjectSoftware2\system\CodeIgniter.php(832): App\Controllers\Usuarios->validarUsuario()
#2 C:\Users\USER\Documents\proyectos_git\ProjectSoftware2\system\CodeIgniter.php(419): CodeIgniter\CodeIgniter->runController(Object(App\Controllers\Usuarios))
#3 C:\Users\USER\Documents\proyectos_git\ProjectSoftware2\system\CodeIgniter.php(326): CodeIgniter\CodeIgniter->handleRequest(NULL, Object(Config\Cache), false)
#4 C:\Users\USER\Documents\proyectos_git\ProjectSoftware2\index.php(37): CodeIgniter\CodeIgniter->run()
#5 {main}
CRITICAL - 2022-05-24 23:02:38 --> Call to a member function table() on null
#0 C:\Users\USER\Documents\proyectos_git\ProjectSoftware2\app\Controllers\Usuarios.php(24): App\Models\TblUsuarios->issetUsuario('sdfsdfsfsdf', 'dsfsdfsdf')
#1 C:\Users\USER\Documents\proyectos_git\ProjectSoftware2\system\CodeIgniter.php(832): App\Controllers\Usuarios->validarUsuario()
#2 C:\Users\USER\Documents\proyectos_git\ProjectSoftware2\system\CodeIgniter.php(419): CodeIgniter\CodeIgniter->runController(Object(App\Controllers\Usuarios))
#3 C:\Users\USER\Documents\proyectos_git\ProjectSoftware2\system\CodeIgniter.php(326): CodeIgniter\CodeIgniter->handleRequest(NULL, Object(Config\Cache), false)
#4 C:\Users\USER\Documents\proyectos_git\ProjectSoftware2\index.php(37): CodeIgniter\CodeIgniter->run()
#5 {main}
CRITICAL - 2022-05-24 23:02:38 --> Call to a member function table() on null
#0 C:\Users\USER\Documents\proyectos_git\ProjectSoftware2\app\Controllers\Usuarios.php(24): App\Models\TblUsuarios->issetUsuario('sdfsdfsfsdf', 'dsfsdfsdf')
#1 C:\Users\USER\Documents\proyectos_git\ProjectSoftware2\system\CodeIgniter.php(832): App\Controllers\Usuarios->validarUsuario()
#2 C:\Users\USER\Documents\proyectos_git\ProjectSoftware2\system\CodeIgniter.php(419): CodeIgniter\CodeIgniter->runController(Object(App\Controllers\Usuarios))
#3 C:\Users\USER\Documents\proyectos_git\ProjectSoftware2\system\CodeIgniter.php(326): CodeIgniter\CodeIgniter->handleRequest(NULL, Object(Config\Cache), false)
#4 C:\Users\USER\Documents\proyectos_git\ProjectSoftware2\index.php(37): CodeIgniter\CodeIgniter->run()
#5 {main}
